<?xml version="1.0" encoding="UTF-8"?>
<testsuite xmlns:xsi="http://www.w3.org/2001/XMLSchema-instance" xsi:noNamespaceSchemaLocation="https://maven.apache.org/surefire/maven-surefire-plugin/xsd/surefire-test-report-3.0.xsd" version="3.0" name="de.PMD_Report_Extractor.util.ReportFormatterTest" time="1.409" tests="5" errors="0" skipped="0" failures="0">
  <properties>
    <property name="sun.desktop" value="gnome"/>
    <property name="awt.toolkit" value="sun.awt.X11.XToolkit"/>
    <property name="java.specification.version" value="11"/>
    <property name="sun.cpu.isalist" value=""/>
    <property name="sun.jnu.encoding" value="UTF-8"/>
    <property name="java.class.path" value="/home/jpeuker/git/PMD_Report_Extractor/target/test-classes:/home/jpeuker/git/PMD_Report_Extractor/target/classes:/home/jpeuker/.m2/repository/org/apache/logging/log4j/log4j-api/2.3/log4j-api-2.3.jar:/home/jpeuker/.m2/repository/org/apache/logging/log4j/log4j-core/2.3/log4j-core-2.3.jar:/home/jpeuker/.m2/repository/org/junit/jupiter/junit-jupiter-api/5.5.0/junit-jupiter-api-5.5.0.jar:/home/jpeuker/.m2/repository/org/apiguardian/apiguardian-api/1.1.0/apiguardian-api-1.1.0.jar:/home/jpeuker/.m2/repository/org/opentest4j/opentest4j/1.2.0/opentest4j-1.2.0.jar:/home/jpeuker/.m2/repository/org/junit/platform/junit-platform-commons/1.5.0/junit-platform-commons-1.5.0.jar:/home/jpeuker/.m2/repository/org/junit/jupiter/junit-jupiter-engine/5.5.0/junit-jupiter-engine-5.5.0.jar:/home/jpeuker/.m2/repository/org/junit/platform/junit-platform-engine/1.5.0/junit-platform-engine-1.5.0.jar:/home/jpeuker/.m2/repository/org/junit/platform/junit-platform-launcher/1.5.0/junit-platform-launcher-1.5.0.jar:/home/jpeuker/.m2/repository/org/mockito/mockito-junit-jupiter/2.25.1/mockito-junit-jupiter-2.25.1.jar:/home/jpeuker/.m2/repository/org/mockito/mockito-core/2.25.1/mockito-core-2.25.1.jar:/home/jpeuker/.m2/repository/net/bytebuddy/byte-buddy/1.9.7/byte-buddy-1.9.7.jar:/home/jpeuker/.m2/repository/net/bytebuddy/byte-buddy-agent/1.9.7/byte-buddy-agent-1.9.7.jar:/home/jpeuker/.m2/repository/org/objenesis/objenesis/2.6/objenesis-2.6.jar:/home/jpeuker/.m2/repository/org/assertj/assertj-core/3.14.0/assertj-core-3.14.0.jar:"/>
    <property name="java.vm.vendor" value="Ubuntu"/>
    <property name="sun.arch.data.model" value="64"/>
    <property name="java.vendor.url" value="https://ubuntu.com/"/>
    <property name="user.timezone" value="Europe/Berlin"/>
    <property name="java.vm.specification.version" value="11"/>
    <property name="os.name" value="Linux"/>
    <property name="sun.java.launcher" value="SUN_STANDARD"/>
    <property name="user.country" value="US"/>
    <property name="sun.boot.library.path" value="/usr/lib/jvm/java-11-openjdk-amd64/lib"/>
    <property name="sun.java.command" value="/home/jpeuker/git/PMD_Report_Extractor/target/surefire/surefirebooter1872046730440618815.jar /home/jpeuker/git/PMD_Report_Extractor/target/surefire 2021-02-06T16-13-12_063-jvmRun1 surefire86759728434463293tmp surefire_08504565032105934187tmp"/>
    <property name="jdk.debug" value="release"/>
    <property name="surefire.test.class.path" value="/home/jpeuker/git/PMD_Report_Extractor/target/test-classes:/home/jpeuker/git/PMD_Report_Extractor/target/classes:/home/jpeuker/.m2/repository/org/apache/logging/log4j/log4j-api/2.3/log4j-api-2.3.jar:/home/jpeuker/.m2/repository/org/apache/logging/log4j/log4j-core/2.3/log4j-core-2.3.jar:/home/jpeuker/.m2/repository/org/junit/jupiter/junit-jupiter-api/5.5.0/junit-jupiter-api-5.5.0.jar:/home/jpeuker/.m2/repository/org/apiguardian/apiguardian-api/1.1.0/apiguardian-api-1.1.0.jar:/home/jpeuker/.m2/repository/org/opentest4j/opentest4j/1.2.0/opentest4j-1.2.0.jar:/home/jpeuker/.m2/repository/org/junit/platform/junit-platform-commons/1.5.0/junit-platform-commons-1.5.0.jar:/home/jpeuker/.m2/repository/org/junit/jupiter/junit-jupiter-engine/5.5.0/junit-jupiter-engine-5.5.0.jar:/home/jpeuker/.m2/repository/org/junit/platform/junit-platform-engine/1.5.0/junit-platform-engine-1.5.0.jar:/home/jpeuker/.m2/repository/org/junit/platform/junit-platform-launcher/1.5.0/junit-platform-launcher-1.5.0.jar:/home/jpeuker/.m2/repository/org/mockito/mockito-junit-jupiter/2.25.1/mockito-junit-jupiter-2.25.1.jar:/home/jpeuker/.m2/repository/org/mockito/mockito-core/2.25.1/mockito-core-2.25.1.jar:/home/jpeuker/.m2/repository/net/bytebuddy/byte-buddy/1.9.7/byte-buddy-1.9.7.jar:/home/jpeuker/.m2/repository/net/bytebuddy/byte-buddy-agent/1.9.7/byte-buddy-agent-1.9.7.jar:/home/jpeuker/.m2/repository/org/objenesis/objenesis/2.6/objenesis-2.6.jar:/home/jpeuker/.m2/repository/org/assertj/assertj-core/3.14.0/assertj-core-3.14.0.jar:"/>
    <property name="sun.cpu.endian" value="little"/>
    <property name="user.home" value="/home/jpeuker"/>
    <property name="user.language" value="en"/>
    <property name="java.specification.vendor" value="Oracle Corporation"/>
    <property name="java.version.date" value="2020-07-14"/>
    <property name="java.home" value="/usr/lib/jvm/java-11-openjdk-amd64"/>
    <property name="file.separator" value="/"/>
    <property name="basedir" value="/home/jpeuker/git/PMD_Report_Extractor"/>
    <property name="java.vm.compressedOopsMode" value="Zero based"/>
    <property name="line.separator" value="&#10;"/>
    <property name="java.specification.name" value="Java Platform API Specification"/>
    <property name="java.vm.specification.vendor" value="Oracle Corporation"/>
    <property name="java.awt.graphicsenv" value="sun.awt.X11GraphicsEnvironment"/>
    <property name="surefire.real.class.path" value="/home/jpeuker/git/PMD_Report_Extractor/target/surefire/surefirebooter1872046730440618815.jar"/>
    <property name="sun.management.compiler" value="HotSpot 64-Bit Tiered Compilers"/>
    <property name="java.runtime.version" value="11.0.8+10-post-Ubuntu-0ubuntu118.04.1"/>
    <property name="user.name" value="jpeuker"/>
    <property name="path.separator" value=":"/>
    <property name="os.version" value="4.15.0-117-generic"/>
    <property name="java.runtime.name" value="OpenJDK Runtime Environment"/>
    <property name="file.encoding" value="UTF-8"/>
    <property name="java.vm.name" value="OpenJDK 64-Bit Server VM"/>
    <property name="localRepository" value="/home/jpeuker/.m2/repository"/>
    <property name="java.vendor.url.bug" value="https://bugs.launchpad.net/ubuntu/+source/openjdk-lts"/>
    <property name="java.io.tmpdir" value="/tmp"/>
    <property name="java.version" value="11.0.8"/>
    <property name="user.dir" value="/home/jpeuker/git/PMD_Report_Extractor"/>
    <property name="os.arch" value="amd64"/>
    <property name="java.vm.specification.name" value="Java Virtual Machine Specification"/>
    <property name="java.awt.printerjob" value="sun.print.PSPrinterJob"/>
    <property name="sun.os.patch.level" value="unknown"/>
    <property name="java.library.path" value="/usr/java/packages/lib:/usr/lib/x86_64-linux-gnu/jni:/lib/x86_64-linux-gnu:/usr/lib/x86_64-linux-gnu:/usr/lib/jni:/lib:/usr/lib"/>
    <property name="java.vm.info" value="mixed mode, sharing"/>
    <property name="java.vendor" value="Ubuntu"/>
    <property name="java.vm.version" value="11.0.8+10-post-Ubuntu-0ubuntu118.04.1"/>
    <property name="sun.io.unicode.encoding" value="UnicodeLittle"/>
    <property name="java.class.version" value="55.0"/>
  </properties>
  <testcase name="merge_nonExisting_existing_nonrelated_new_Test" classname="de.PMD_Report_Extractor.util.ReportFormatterTest$MergeExcludesTest" time="0.11"/>
  <testcase name="merge_existing_Test" classname="de.PMD_Report_Extractor.util.ReportFormatterTest$MergeExcludesTest" time="0.008"/>
  <testcase name="merge_nonrelated_Test" classname="de.PMD_Report_Extractor.util.ReportFormatterTest$MergeExcludesTest" time="0.009"/>
  <testcase name="merge_nonexisting_Test" classname="de.PMD_Report_Extractor.util.ReportFormatterTest$MergeExcludesTest" time="0.008"/>
  <testcase name="merge_new_Test" classname="de.PMD_Report_Extractor.util.ReportFormatterTest$MergeExcludesTest" time="0.011"/>
</testsuite>